<?xml version="1.0" encoding="UTF-8"?>
<!-- Generated by org.testng.reporters.JUnitXMLReporter -->
<testsuite ignored="0" hostname="SANGEETHA-PC" failures="0" tests="7" name="ChromeTest" time="78.944" errors="0" timestamp="2023-03-28T08:12:09 AST">
  <testcase classname="com.mainprojectupdated.Scripts.LoginTestDPUsingApachePOIChrome" name="loginChrome" time="5.595"/>
  <testcase classname="com.mainprojectupdated.Scripts.LoginTestDPUsingApachePOIChrome" name="loginChrome" time="6.154"/>
  <testcase classname="com.mainprojectupdated.Scripts.LoginTestDPUsingApachePOIChrome" name="loginChrome" time="3.377"/>
  <testcase classname="com.mainprojectupdated.Scripts.LoginTestDPUsingApachePOIChrome" name="loginChrome" time="3.413"/>
  <testcase classname="com.mainprojectupdated.Scripts.LoginTestDPUsingApachePOIChrome" name="loginChrome" time="5.896"/>
  <testcase classname="com.mainprojectupdated.Scripts.LoginTestDPUsingApachePOIChrome" name="loginChrome" time="3.542"/>
  <testcase classname="com.mainprojectupdated.Scripts.LoginTestDPUsingApachePOIChrome" name="loginChrome" time="6.503"/>
</testsuite> <!-- ChromeTest -->
