<?xml version="1.0" encoding="UTF-8"?>
<!-- Generated by org.testng.reporters.JUnitXMLReporter -->
<testsuite ignored="0" hostname="SANGEETHA-PC" failures="0" tests="7" name="EdgeTest" time="76.652" errors="0" timestamp="2023-03-28T08:12:07 AST">
  <testcase classname="com.mainprojectupdated.Scripts.LoginTestDPUsingApachePOIEdge" name="loginEdge" time="5.402"/>
  <testcase classname="com.mainprojectupdated.Scripts.LoginTestDPUsingApachePOIEdge" name="loginEdge" time="4.927"/>
  <testcase classname="com.mainprojectupdated.Scripts.LoginTestDPUsingApachePOIEdge" name="loginEdge" time="3.162"/>
  <testcase classname="com.mainprojectupdated.Scripts.LoginTestDPUsingApachePOIEdge" name="loginEdge" time="3.539"/>
  <testcase classname="com.mainprojectupdated.Scripts.LoginTestDPUsingApachePOIEdge" name="loginEdge" time="3.507"/>
  <testcase classname="com.mainprojectupdated.Scripts.LoginTestDPUsingApachePOIEdge" name="loginEdge" time="4.533"/>
  <testcase classname="com.mainprojectupdated.Scripts.LoginTestDPUsingApachePOIEdge" name="loginEdge" time="4.548"/>
</testsuite> <!-- EdgeTest -->
