<?xml version="1.0" encoding="UTF-8"?>
<testsuite xmlns:xsi="http://www.w3.org/2001/XMLSchema-instance" xsi:noNamespaceSchemaLocation="https://maven.apache.org/surefire/maven-surefire-plugin/xsd/surefire-test-report-3.0.xsd" version="3.0" name="TestSuite" time="79.601" tests="14" errors="0" skipped="0" failures="0">
  <properties>
[...]
</properties>
  <testcase name="loginChrome[tutorial, tutorial12](1)" classname="com.mainprojectupdated.Scripts.LoginTestDPUsingApachePOIChrome" time="4.391">
    <system-out><![CDATA[[INFO] Running TestSuite
FirstRowNum= 0
LastRowNum= 6
FirstRowNum= 0
LastRowNum= 6
tutorial
tutorial12
tutorial
tutorial12
]]></system-out>
    <system-err><![CDATA[SLF4J: Failed to load class "org.slf4j.impl.StaticLoggerBinder".
SLF4J: Defaulting to no-operation (NOP) logger implementation
SLF4J: See http://www.slf4j.org/codes.html#StaticLoggerBinder for further details.
Starting Microsoft Edge WebDriver 111.0.1661.44 (fc2a57ec5a410298200db8ad3013657d5472c408) on port 15034
To submit feedback, report a bug, or suggest new features, please visit https://github.com/MicrosoftEdge/EdgeWebDriver

Only local connections are allowed.
Please see https://aka.ms/WebDriverSecurity for suggestions on keeping Microsoft Edge WebDriver safe.

Starting ChromeDriver 111.0.5563.64 (c710e93d5b63b7095afe8c2c17df34408078439d-refs/branch-heads/5563@{#995}) on port 8073
Only local connections are allowed.
Please see https://chromedriver.chromium.org/security-considerations for suggestions on keeping ChromeDriver safe.
ChromeDriver was started successfully.
Mar. 28, 2023 8:10:52 A.M. org.openqa.selenium.remote.ProtocolHandshake createSession
INFO: Detected dialect: W3C
Microsoft Edge WebDriver was started successfully.
Mar. 28, 2023 8:10:54 A.M. org.openqa.selenium.remote.ProtocolHandshake createSession
INFO: Detected dialect: W3C
]]></system-err>
  </testcase>
  <testcase name="loginChrome[sav@123, sav@123](2)" classname="com.mainprojectupdated.Scripts.LoginTestDPUsingApachePOIChrome" time="4.936"/>
  <testcase name="loginChrome[user, user1234](3)" classname="com.mainprojectupdated.Scripts.LoginTestDPUsingApachePOIChrome" time="2.77">
    <system-out><![CDATA[user
user1234
user
user1234
]]></system-out>
  </testcase>
  <testcase name="loginChrome[tut, tut](4)" classname="com.mainprojectupdated.Scripts.LoginTestDPUsingApachePOIChrome" time="3.413">
    <system-out><![CDATA[tut
tut
tut
tut
]]></system-out>
  </testcase>
  <testcase name="loginChrome[tut@123, tut@123](5)" classname="com.mainprojectupdated.Scripts.LoginTestDPUsingApachePOIChrome" time="5.897"/>
  <testcase name="loginChrome[sav, sav](6)" classname="com.mainprojectupdated.Scripts.LoginTestDPUsingApachePOIChrome" time="3.542"/>
  <testcase name="loginChrome[tutorial, tutorial](7)" classname="com.mainprojectupdated.Scripts.LoginTestDPUsingApachePOIChrome" time="6.502"/>
  <testcase name="loginEdge[tutorial, tutorial12](1)" classname="com.mainprojectupdated.Scripts.LoginTestDPUsingApachePOIEdge" time="5.401"/>
  <testcase name="loginEdge[sav@123, sav@123](2)" classname="com.mainprojectupdated.Scripts.LoginTestDPUsingApachePOIEdge" time="4.927">
    <system-out><![CDATA[sav@123
sav@123
sav@123
sav@123
]]></system-out>
  </testcase>
  <testcase name="loginEdge[user, user1234](3)" classname="com.mainprojectupdated.Scripts.LoginTestDPUsingApachePOIEdge" time="3.162"/>
  <testcase name="loginEdge[tut, tut](4)" classname="com.mainprojectupdated.Scripts.LoginTestDPUsingApachePOIEdge" time="3.487"/>
  <testcase name="loginEdge[tut@123, tut@123](5)" classname="com.mainprojectupdated.Scripts.LoginTestDPUsingApachePOIEdge" time="3.501">
    <system-out><![CDATA[tut@123
tut@123
tut@123
tut@123
]]></system-out>
  </testcase>
  <testcase name="loginEdge[sav, sav](6)" classname="com.mainprojectupdated.Scripts.LoginTestDPUsingApachePOIEdge" time="1.996">
    <system-out><![CDATA[sav
sav
sav
sav
]]></system-out>
  </testcase>
  <testcase name="loginEdge[tutorial, tutorial](7)" classname="com.mainprojectupdated.Scripts.LoginTestDPUsingApachePOIEdge" time="4.089">
    <system-out><![CDATA[tutorial
tutorial
tutorial
tutorial
]]></system-out>
  </testcase>
</testsuite>